intermediate/dualsphysics_debug_x64/functionsgeo3d_iker.h.obj
intermediate/dualsphysics_debug_x64/functionsmath_iker.h.obj
intermediate/dualsphysics_debug_x64/jcelldivgpu_ker.cu.obj
intermediate/dualsphysics_debug_x64/jcelldivgpusingle_ker.cu.obj
intermediate/dualsphysics_debug_x64/jdspips_ker.cu.obj
intermediate/dualsphysics_debug_x64/jdsgauge_ker.cu.obj
intermediate/dualsphysics_debug_x64/jredusum_ker.cu.obj
intermediate/dualsphysics_debug_x64/jrelaxzone_ker.cu.obj
intermediate/dualsphysics_debug_x64/jsphshifting_ker.cu.obj
intermediate/dualsphysics_debug_x64/jdsaccinput_ker.cu.obj
intermediate/dualsphysics_debug_x64/jsphgpusimple_ker.cu.obj
intermediate/dualsphysics_debug_x64/jsphgpu_ker.cu.obj
intermediate/dualsphysics_debug_x64/jwaveorder2_ker.cu.obj
c:\users\zhitian qiao\desktop\dualsphysics-master\src_mphase\dsph_v5.0_nnewtonian\vs\intermediate\dualsphysics_debug_x64\functionsgeo3d_iker.h.cache
c:\users\zhitian qiao\desktop\dualsphysics-master\src_mphase\dsph_v5.0_nnewtonian\vs\intermediate\dualsphysics_debug_x64\functionsmath_iker.h.cache
c:\users\zhitian qiao\desktop\dualsphysics-master\src_mphase\dsph_v5.0_nnewtonian\vs\intermediate\dualsphysics_debug_x64\jcelldivgpusingle_ker.cu.cache
c:\users\zhitian qiao\desktop\dualsphysics-master\src_mphase\dsph_v5.0_nnewtonian\vs\intermediate\dualsphysics_debug_x64\jcelldivgpu_ker.cu.cache
c:\users\zhitian qiao\desktop\dualsphysics-master\src_mphase\dsph_v5.0_nnewtonian\vs\intermediate\dualsphysics_debug_x64\jdsaccinput_ker.cu.cache
c:\users\zhitian qiao\desktop\dualsphysics-master\src_mphase\dsph_v5.0_nnewtonian\vs\intermediate\dualsphysics_debug_x64\jdsgauge_ker.cu.cache
c:\users\zhitian qiao\desktop\dualsphysics-master\src_mphase\dsph_v5.0_nnewtonian\vs\intermediate\dualsphysics_debug_x64\jdspips_ker.cu.cache
c:\users\zhitian qiao\desktop\dualsphysics-master\src_mphase\dsph_v5.0_nnewtonian\vs\intermediate\dualsphysics_debug_x64\jredusum_ker.cu.cache
c:\users\zhitian qiao\desktop\dualsphysics-master\src_mphase\dsph_v5.0_nnewtonian\vs\intermediate\dualsphysics_debug_x64\jrelaxzone_ker.cu.cache
c:\users\zhitian qiao\desktop\dualsphysics-master\src_mphase\dsph_v5.0_nnewtonian\vs\intermediate\dualsphysics_debug_x64\jsphgpusimple_ker.cu.cache
c:\users\zhitian qiao\desktop\dualsphysics-master\src_mphase\dsph_v5.0_nnewtonian\vs\intermediate\dualsphysics_debug_x64\jsphgpu_inout_ker.cu.cache
c:\users\zhitian qiao\desktop\dualsphysics-master\src_mphase\dsph_v5.0_nnewtonian\vs\intermediate\dualsphysics_debug_x64\jsphgpu_ker.cu.cache
c:\users\zhitian qiao\desktop\dualsphysics-master\src_mphase\dsph_v5.0_nnewtonian\vs\intermediate\dualsphysics_debug_x64\jsphgpu_nn_ker.cu.cache
c:\users\zhitian qiao\desktop\dualsphysics-master\src_mphase\dsph_v5.0_nnewtonian\vs\intermediate\dualsphysics_debug_x64\jsphshifting_ker.cu.cache
c:\users\zhitian qiao\desktop\dualsphysics-master\src_mphase\dsph_v5.0_nnewtonian\vs\intermediate\dualsphysics_debug_x64\jwaveorder2_ker.cu.cache
c:\users\zhitian qiao\desktop\dualsphysics-master\src_mphase\dsph_v5.0_nnewtonian\vs\intermediate\dualsphysics_debug_x64\functionsgeo3d_iker.h.obj
c:\users\zhitian qiao\desktop\dualsphysics-master\src_mphase\dsph_v5.0_nnewtonian\vs\intermediate\dualsphysics_debug_x64\functionsmath_iker.h.obj
c:\users\zhitian qiao\desktop\dualsphysics-master\src_mphase\dsph_v5.0_nnewtonian\vs\intermediate\dualsphysics_debug_x64\jcelldivgpusingle_ker.cu.obj
c:\users\zhitian qiao\desktop\dualsphysics-master\src_mphase\dsph_v5.0_nnewtonian\vs\intermediate\dualsphysics_debug_x64\jcelldivgpu_ker.cu.obj
c:\users\zhitian qiao\desktop\dualsphysics-master\src_mphase\dsph_v5.0_nnewtonian\vs\intermediate\dualsphysics_debug_x64\jdsaccinput_ker.cu.obj
c:\users\zhitian qiao\desktop\dualsphysics-master\src_mphase\dsph_v5.0_nnewtonian\vs\intermediate\dualsphysics_debug_x64\jdsgauge_ker.cu.obj
c:\users\zhitian qiao\desktop\dualsphysics-master\src_mphase\dsph_v5.0_nnewtonian\vs\intermediate\dualsphysics_debug_x64\jdspips_ker.cu.obj
c:\users\zhitian qiao\desktop\dualsphysics-master\src_mphase\dsph_v5.0_nnewtonian\vs\intermediate\dualsphysics_debug_x64\jredusum_ker.cu.obj
c:\users\zhitian qiao\desktop\dualsphysics-master\src_mphase\dsph_v5.0_nnewtonian\vs\intermediate\dualsphysics_debug_x64\jrelaxzone_ker.cu.obj
c:\users\zhitian qiao\desktop\dualsphysics-master\src_mphase\dsph_v5.0_nnewtonian\vs\intermediate\dualsphysics_debug_x64\jsphgpusimple_ker.cu.obj
c:\users\zhitian qiao\desktop\dualsphysics-master\src_mphase\dsph_v5.0_nnewtonian\vs\intermediate\dualsphysics_debug_x64\jsphshifting_ker.cu.obj
c:\users\zhitian qiao\desktop\dualsphysics-master\src_mphase\dsph_v5.0_nnewtonian\vs\intermediate\dualsphysics_debug_x64\jwaveorder2_ker.cu.obj
c:\users\zhitian qiao\desktop\dualsphysics-master\src_mphase\dsph_v5.0_nnewtonian\vs\intermediate\dualsphysics_debug_x64\vc140.pdb
c:\users\zhitian qiao\desktop\dualsphysics-master\src_mphase\dsph_v5.0_nnewtonian\vs\intermediate\dualsphysics_debug_x64\dualsphysics.tlog\cudacompile.read.1u.tlog
c:\users\zhitian qiao\desktop\dualsphysics-master\src_mphase\dsph_v5.0_nnewtonian\vs\intermediate\dualsphysics_debug_x64\dualsphysics.tlog\cudacompile.write.1u.tlog
